2019-04-02 19:11:11.912 [background-preinit] INFO  org.hibernate.validator.internal.util.Version - HV000001: Hibernate Validator 5.3.6.Final
2019-04-02 19:11:16.762 [main] INFO  c.h.s.SpringbootlearningApplication - Starting SpringbootlearningApplication on XiaohangdeMacBook-Pro.local with PID 9998 (/Users/xiaohangduan/Documents/workspace/springbootlearning/target/classes started by xiaohangduan in /Users/xiaohangduan/Documents/workspace/springbootlearning)
2019-04-02 19:11:16.763 [main] INFO  c.h.s.SpringbootlearningApplication - No active profile set, falling back to default profiles: default
2019-04-02 19:11:16.948 [main] INFO  o.s.b.c.e.AnnotationConfigEmbeddedWebApplicationContext - Refreshing org.springframework.boot.context.embedded.AnnotationConfigEmbeddedWebApplicationContext@7674b62c: startup date [Tue Apr 02 19:11:16 CST 2019]; root of context hierarchy
2019-04-02 19:11:17.400 [main] INFO  o.s.d.r.config.RepositoryConfigurationDelegate - Multiple Spring Data modules found, entering strict repository configuration mode!
2019-04-02 19:11:17.525 [main] INFO  o.s.b.factory.support.DefaultListableBeanFactory - Overriding bean definition for bean 'stringRedisTemplate' with a different definition: replacing [Root bean: class [null]; scope=; abstract=false; lazyInit=false; autowireMode=3; dependencyCheck=0; autowireCandidate=true; primary=true; factoryBeanName=redisConfig; factoryMethodName=stringRedisTemplate; initMethodName=null; destroyMethodName=(inferred); defined in class path resource [cn/henry/springbootlearning/config/redis/RedisConfig.class]] with [Root bean: class [null]; scope=; abstract=false; lazyInit=false; autowireMode=3; dependencyCheck=0; autowireCandidate=true; primary=false; factoryBeanName=org.springframework.boot.autoconfigure.data.redis.RedisAutoConfiguration$RedisConfiguration; factoryMethodName=stringRedisTemplate; initMethodName=null; destroyMethodName=(inferred); defined in class path resource [org/springframework/boot/autoconfigure/data/redis/RedisAutoConfiguration$RedisConfiguration.class]]
2019-04-02 19:11:17.548 [main] INFO  o.s.d.r.config.RepositoryConfigurationDelegate - Multiple Spring Data modules found, entering strict repository configuration mode!
2019-04-02 19:11:18.346 [main] INFO  o.s.b.c.e.tomcat.TomcatEmbeddedServletContainer - Tomcat initialized with port(s): 8080 (http)
2019-04-02 19:11:18.356 [main] INFO  org.apache.catalina.core.StandardService - Starting service [Tomcat]
2019-04-02 19:11:18.357 [main] INFO  org.apache.catalina.core.StandardEngine - Starting Servlet Engine: Apache Tomcat/8.5.23
2019-04-02 19:11:18.442 [localhost-startStop-1] INFO  o.a.c.core.ContainerBase.[Tomcat].[localhost].[/] - Initializing Spring embedded WebApplicationContext
2019-04-02 19:11:18.443 [localhost-startStop-1] INFO  org.springframework.web.context.ContextLoader - Root WebApplicationContext: initialization completed in 1495 ms
2019-04-02 19:11:18.569 [localhost-startStop-1] INFO  o.s.boot.web.servlet.ServletRegistrationBean - Mapping servlet: 'dispatcherServlet' to [/]
2019-04-02 19:11:18.574 [localhost-startStop-1] INFO  o.s.boot.web.servlet.FilterRegistrationBean - Mapping filter: 'characterEncodingFilter' to: [/*]
2019-04-02 19:11:18.574 [localhost-startStop-1] INFO  o.s.boot.web.servlet.FilterRegistrationBean - Mapping filter: 'hiddenHttpMethodFilter' to: [/*]
2019-04-02 19:11:18.574 [localhost-startStop-1] INFO  o.s.boot.web.servlet.FilterRegistrationBean - Mapping filter: 'httpPutFormContentFilter' to: [/*]
2019-04-02 19:11:18.574 [localhost-startStop-1] INFO  o.s.boot.web.servlet.FilterRegistrationBean - Mapping filter: 'requestContextFilter' to: [/*]
2019-04-02 19:11:18.613 [main] INFO  com.zaxxer.hikari.HikariDataSource - HikariPool-1 - Starting...
2019-04-02 19:11:20.757 [main] INFO  com.zaxxer.hikari.HikariDataSource - HikariPool-1 - Start completed.
2019-04-02 19:11:20.845 [main] INFO  o.s.orm.jpa.LocalContainerEntityManagerFactoryBean - Building JPA container EntityManagerFactory for persistence unit 'auditDataSource'
2019-04-02 19:11:20.859 [main] INFO  org.hibernate.jpa.internal.util.LogHelper - HHH000204: Processing PersistenceUnitInfo [
	name: auditDataSource
	...]
2019-04-02 19:11:20.962 [main] INFO  org.hibernate.Version - HHH000412: Hibernate Core {5.0.12.Final}
2019-04-02 19:11:20.964 [main] INFO  org.hibernate.cfg.Environment - HHH000206: hibernate.properties not found
2019-04-02 19:11:20.965 [main] INFO  org.hibernate.cfg.Environment - HHH000021: Bytecode provider name : javassist
2019-04-02 19:11:21.012 [main] INFO  org.hibernate.annotations.common.Version - HCANN000001: Hibernate Commons Annotations {5.0.1.Final}
2019-04-02 19:11:21.138 [main] INFO  org.hibernate.dialect.Dialect - HHH000400: Using dialect: org.hibernate.dialect.MySQL5Dialect
2019-04-02 19:11:21.418 [main] INFO  o.s.orm.jpa.LocalContainerEntityManagerFactoryBean - Initialized JPA EntityManagerFactory for persistence unit 'auditDataSource'
2019-04-02 19:11:26.866 [main] INFO  o.s.w.s.m.m.a.RequestMappingHandlerAdapter - Looking for @ControllerAdvice: org.springframework.boot.context.embedded.AnnotationConfigEmbeddedWebApplicationContext@7674b62c: startup date [Tue Apr 02 19:11:16 CST 2019]; root of context hierarchy
2019-04-02 19:11:26.939 [main] INFO  o.s.w.s.m.m.a.RequestMappingHandlerMapping - Mapped "{[/index]}" onto public java.lang.String cn.henry.springbootlearning.web.PingController.index(org.springframework.ui.ModelMap)
2019-04-02 19:11:26.940 [main] INFO  o.s.w.s.m.m.a.RequestMappingHandlerMapping - Mapped "{[/ping]}" onto public java.lang.String cn.henry.springbootlearning.web.PingController.ping()
2019-04-02 19:11:26.941 [main] INFO  o.s.w.s.m.m.a.RequestMappingHandlerMapping - Mapped "{[/aaa]}" onto public java.lang.String cn.henry.springbootlearning.web.PingController.aaa(org.springframework.ui.ModelMap)
2019-04-02 19:11:26.943 [main] INFO  o.s.w.s.m.m.a.RequestMappingHandlerMapping - Mapped "{[/error]}" onto public org.springframework.http.ResponseEntity<java.util.Map<java.lang.String, java.lang.Object>> org.springframework.boot.autoconfigure.web.BasicErrorController.error(javax.servlet.http.HttpServletRequest)
2019-04-02 19:11:26.943 [main] INFO  o.s.w.s.m.m.a.RequestMappingHandlerMapping - Mapped "{[/error],produces=[text/html]}" onto public org.springframework.web.servlet.ModelAndView org.springframework.boot.autoconfigure.web.BasicErrorController.errorHtml(javax.servlet.http.HttpServletRequest,javax.servlet.http.HttpServletResponse)
2019-04-02 19:11:26.983 [main] INFO  o.s.web.servlet.handler.SimpleUrlHandlerMapping - Mapped URL path [/webjars/**] onto handler of type [class org.springframework.web.servlet.resource.ResourceHttpRequestHandler]
2019-04-02 19:11:26.983 [main] INFO  o.s.web.servlet.handler.SimpleUrlHandlerMapping - Mapped URL path [/**] onto handler of type [class org.springframework.web.servlet.resource.ResourceHttpRequestHandler]
2019-04-02 19:11:27.027 [main] INFO  o.s.web.servlet.handler.SimpleUrlHandlerMapping - Mapped URL path [/**/favicon.ico] onto handler of type [class org.springframework.web.servlet.resource.ResourceHttpRequestHandler]
2019-04-02 19:11:27.844 [main] INFO  o.s.w.servlet.view.freemarker.FreeMarkerConfigurer - ClassTemplateLoader for Spring macros added to FreeMarker configuration
2019-04-02 19:11:28.070 [main] INFO  o.s.jmx.export.annotation.AnnotationMBeanExporter - Registering beans for JMX exposure on startup
2019-04-02 19:11:28.072 [main] INFO  o.s.jmx.export.annotation.AnnotationMBeanExporter - Bean with name 'auditDataSource' has been autodetected for JMX exposure
2019-04-02 19:11:28.078 [main] INFO  o.s.jmx.export.annotation.AnnotationMBeanExporter - Located MBean 'auditDataSource': registering with JMX server as MBean [com.zaxxer.hikari:name=auditDataSource,type=HikariDataSource]
2019-04-02 19:11:28.087 [main] INFO  o.s.s.a.ScheduledAnnotationBeanPostProcessor - No TaskScheduler/ScheduledExecutorService bean found for scheduled processing
2019-04-02 19:11:28.097 [main] INFO  org.apache.coyote.http11.Http11NioProtocol - Initializing ProtocolHandler ["http-nio-8080"]
2019-04-02 19:11:28.105 [main] INFO  org.apache.coyote.http11.Http11NioProtocol - Starting ProtocolHandler ["http-nio-8080"]
2019-04-02 19:11:28.129 [main] INFO  org.apache.tomcat.util.net.NioSelectorPool - Using a shared selector for servlet write/read
2019-04-02 19:11:28.147 [main] INFO  o.s.b.c.e.tomcat.TomcatEmbeddedServletContainer - Tomcat started on port(s): 8080 (http)
2019-04-02 19:11:28.152 [main] INFO  c.h.s.SpringbootlearningApplication - Started SpringbootlearningApplication in 26.618 seconds (JVM running for 32.39)
2019-04-02 19:13:06.389 [Thread-56] INFO  o.s.b.c.e.AnnotationConfigEmbeddedWebApplicationContext - Closing org.springframework.boot.context.embedded.AnnotationConfigEmbeddedWebApplicationContext@7674b62c: startup date [Tue Apr 02 19:11:16 CST 2019]; root of context hierarchy
2019-04-02 19:13:06.391 [Thread-56] INFO  o.s.jmx.export.annotation.AnnotationMBeanExporter - Unregistering JMX-exposed beans on shutdown
2019-04-02 19:13:06.392 [Thread-56] INFO  o.s.jmx.export.annotation.AnnotationMBeanExporter - Unregistering JMX-exposed beans
